2021-02-28 16:06:22,515 14623  [ker-6: Building] WARN  nternal.embedder.EclipseLogger  - Using platform encoding (GBK actually) to copy filtered resources, i.e. build is platform dependent!
2021-02-28 16:06:22,562 14670  [ker-6: Building] WARN  nternal.embedder.EclipseLogger  - Using platform encoding (GBK actually) to copy filtered resources, i.e. build is platform dependent!
2021-02-28 16:06:23,263 15371  [ker-6: Building] WARN  nternal.embedder.EclipseLogger  - Using platform encoding (GBK actually) to copy filtered resources, i.e. build is platform dependent!
2021-02-28 16:06:23,273 15381  [ker-6: Building] WARN  nternal.embedder.EclipseLogger  - Using platform encoding (GBK actually) to copy filtered resources, i.e. build is platform dependent!
2021-02-28 16:08:01,543 113651 [er-16: Building] WARN  nternal.embedder.EclipseLogger  - Using platform encoding (GBK actually) to copy filtered resources, i.e. build is platform dependent!
2021-02-28 16:08:01,545 113653 [er-16: Building] WARN  nternal.embedder.EclipseLogger  - Using platform encoding (GBK actually) to copy filtered resources, i.e. build is platform dependent!
2021-02-28 16:08:01,571 113679 [er-16: Building] WARN  nternal.embedder.EclipseLogger  - Using platform encoding (GBK actually) to copy filtered resources, i.e. build is platform dependent!
2021-02-28 16:08:01,572 113680 [er-16: Building] WARN  nternal.embedder.EclipseLogger  - Using platform encoding (GBK actually) to copy filtered resources, i.e. build is platform dependent!
2021-02-28 16:08:02,739 114847 [er-27: Building] ERROR egistry.ProjectRegistryManager  - Could not read pom.xml
org.eclipse.core.runtime.CoreException: Could not read pom.xml
	at org.eclipse.m2e.core.internal.embedder.MavenImpl.readModel(MavenImpl.java:574)
	at org.eclipse.m2e.core.internal.project.registry.ProjectRegistryManager.refreshPhase2(ProjectRegistryManager.java:559)
	at org.eclipse.m2e.core.internal.project.registry.ProjectRegistryManager.refresh(ProjectRegistryManager.java:515)
	at org.eclipse.m2e.core.internal.project.registry.ProjectRegistryManager.refresh(ProjectRegistryManager.java:361)
	at org.eclipse.m2e.core.internal.project.registry.ProjectRegistryManager.refresh(ProjectRegistryManager.java:312)
	at org.eclipse.m2e.core.internal.builder.MavenBuilder$BuildMethod.getProjectFacade(MavenBuilder.java:151)
	at org.eclipse.m2e.core.internal.builder.MavenBuilder$BuildMethod.lambda$0(MavenBuilder.java:89)
	at org.eclipse.m2e.core.internal.embedder.MavenExecutionContext.executeBare(MavenExecutionContext.java:179)
	at org.eclipse.m2e.core.internal.embedder.MavenExecutionContext.execute(MavenExecutionContext.java:153)
	at org.eclipse.m2e.core.internal.embedder.MavenExecutionContext.execute(MavenExecutionContext.java:101)
	at org.eclipse.m2e.core.internal.builder.MavenBuilder$BuildMethod.execute(MavenBuilder.java:88)
	at org.eclipse.m2e.core.internal.builder.MavenBuilder.build(MavenBuilder.java:197)
	at org.eclipse.core.internal.events.BuildManager$2.run(BuildManager.java:832)
	at org.eclipse.core.runtime.SafeRunner.run(SafeRunner.java:45)
	at org.eclipse.core.internal.events.BuildManager.basicBuild(BuildManager.java:220)
	at org.eclipse.core.internal.events.BuildManager.basicBuild(BuildManager.java:263)
	at org.eclipse.core.internal.events.BuildManager$1.run(BuildManager.java:316)
	at org.eclipse.core.runtime.SafeRunner.run(SafeRunner.java:45)
	at org.eclipse.core.internal.events.BuildManager.basicBuild(BuildManager.java:319)
	at org.eclipse.core.internal.events.BuildManager.basicBuildLoop(BuildManager.java:371)
	at org.eclipse.core.internal.events.BuildManager.build(BuildManager.java:392)
	at org.eclipse.core.internal.events.AutoBuildJob.doBuild(AutoBuildJob.java:154)
	at org.eclipse.core.internal.events.AutoBuildJob.run(AutoBuildJob.java:244)
	at org.eclipse.core.internal.jobs.Worker.run(Worker.java:63)
Caused by: java.io.FileNotFoundException: E:\eclipse_workspace\raise-project\atcrowdfunding01-admin-parent\pom.xml (系统找不到指定的文件。)
	at java.io.FileInputStream.open0(Native Method)
	at java.io.FileInputStream.open(Unknown Source)
	at java.io.FileInputStream.<init>(Unknown Source)
	at org.eclipse.m2e.core.internal.embedder.MavenImpl.readModel(MavenImpl.java:567)
	... 23 more
2021-02-28 16:08:26,450 138558 [ker-4: Building] WARN  nternal.embedder.EclipseLogger  - Using platform encoding (GBK actually) to copy filtered resources, i.e. build is platform dependent!
2021-02-28 16:08:26,451 138559 [ker-4: Building] WARN  nternal.embedder.EclipseLogger  - Using platform encoding (GBK actually) to copy filtered resources, i.e. build is platform dependent!
2021-02-28 16:10:35,289 267397 [01-admin-parent] WARN  h.MavenLaunchExtensionsSupport  - Unknown or unsupported source locator org.eclipse.jdt.internal.launching.sourcelookup.advanced.AdvancedSourceLookupDirector
2021-02-28 16:15:02,572 534680 [er-36: Building] WARN  nternal.embedder.EclipseLogger  - Using platform encoding (GBK actually) to copy filtered resources, i.e. build is platform dependent!
2021-02-28 16:15:02,574 534682 [er-36: Building] WARN  nternal.embedder.EclipseLogger  - Using platform encoding (GBK actually) to copy filtered resources, i.e. build is platform dependent!
2021-02-28 16:15:08,412 540520 [ker-2: Building] WARN  nternal.embedder.EclipseLogger  - Using platform encoding (GBK actually) to copy filtered resources, i.e. build is platform dependent!
2021-02-28 16:15:08,415 540523 [ker-2: Building] WARN  nternal.embedder.EclipseLogger  - Using platform encoding (GBK actually) to copy filtered resources, i.e. build is platform dependent!
2021-02-28 16:15:14,506 546614 [er-24: Building] WARN  nternal.embedder.EclipseLogger  - Using platform encoding (GBK actually) to copy filtered resources, i.e. build is platform dependent!
2021-02-28 16:15:14,515 546623 [er-24: Building] WARN  nternal.embedder.EclipseLogger  - Using platform encoding (GBK actually) to copy filtered resources, i.e. build is platform dependent!
2021-02-28 16:15:15,601 547709 [ker-3: Building] WARN  nternal.embedder.EclipseLogger  - Using platform encoding (GBK actually) to copy filtered resources, i.e. build is platform dependent!
2021-02-28 16:15:15,603 547711 [ker-3: Building] WARN  nternal.embedder.EclipseLogger  - Using platform encoding (GBK actually) to copy filtered resources, i.e. build is platform dependent!
2021-02-28 16:16:09,260 601368 [ker-2: Building] WARN  nternal.embedder.EclipseLogger  - Using platform encoding (GBK actually) to copy filtered resources, i.e. build is platform dependent!
2021-02-28 16:16:09,261 601369 [ker-2: Building] WARN  nternal.embedder.EclipseLogger  - Using platform encoding (GBK actually) to copy filtered resources, i.e. build is platform dependent!
2021-02-28 16:16:36,696 628804 [ker-2: Building] WARN  nternal.embedder.EclipseLogger  - Using platform encoding (GBK actually) to copy filtered resources, i.e. build is platform dependent!
2021-02-28 16:16:36,696 628804 [ker-2: Building] WARN  nternal.embedder.EclipseLogger  - Using platform encoding (GBK actually) to copy filtered resources, i.e. build is platform dependent!
2021-02-28 16:23:24,651 1036759 [ces and javadoc] ERROR dt.internal.DownloadSourcesJob  - Could not download sources for com.atguigu.crowd:atcrowdfunding05-common-util:0.0.1-SNAPSHOT
org.eclipse.core.runtime.CoreException: Could not resolve artifact com.atguigu.crowd:atcrowdfunding05-common-util:jar:sources:0.0.1-SNAPSHOT
	at org.eclipse.m2e.core.internal.embedder.MavenImpl.lambda$4(MavenImpl.java:803)
	at org.eclipse.m2e.core.internal.embedder.MavenExecutionContext.executeBare(MavenExecutionContext.java:179)
	at org.eclipse.m2e.core.internal.embedder.MavenExecutionContext.execute(MavenExecutionContext.java:114)
	at org.eclipse.m2e.core.internal.embedder.MavenExecutionContext.execute(MavenExecutionContext.java:101)
	at org.eclipse.m2e.core.internal.embedder.MavenImpl.resolve(MavenImpl.java:771)
	at org.eclipse.m2e.core.internal.embedder.MavenImpl.resolve(MavenImpl.java:748)
	at org.eclipse.m2e.jdt.internal.DownloadSourcesJob.download(DownloadSourcesJob.java:330)
	at org.eclipse.m2e.jdt.internal.DownloadSourcesJob.downloadAttachments(DownloadSourcesJob.java:304)
	at org.eclipse.m2e.jdt.internal.DownloadSourcesJob.downloadMaven(DownloadSourcesJob.java:269)
	at org.eclipse.m2e.jdt.internal.DownloadSourcesJob.downloadFilesAndPopulateToUpdate(DownloadSourcesJob.java:233)
	at org.eclipse.m2e.jdt.internal.DownloadSourcesJob.lambda$0(DownloadSourcesJob.java:161)
	at org.eclipse.m2e.core.internal.embedder.MavenExecutionContext.executeBare(MavenExecutionContext.java:179)
	at org.eclipse.m2e.core.internal.embedder.MavenExecutionContext.execute(MavenExecutionContext.java:153)
	at org.eclipse.m2e.core.internal.embedder.MavenExecutionContext.execute(MavenExecutionContext.java:101)
	at org.eclipse.m2e.core.internal.embedder.MavenImpl.execute(MavenImpl.java:1373)
	at org.eclipse.m2e.jdt.internal.DownloadSourcesJob.run(DownloadSourcesJob.java:161)
	at org.eclipse.core.internal.jobs.Worker.run(Worker.java:63)
Contains: Missing com.atguigu.crowd:atcrowdfunding05-common-util:jar:sources:0.0.1-SNAPSHOT
2021-02-28 16:23:24,817 1036925 [ces and javadoc] ERROR dt.internal.DownloadSourcesJob  - Could not download javadoc for com.atguigu.crowd:atcrowdfunding05-common-util:0.0.1-SNAPSHOT
org.eclipse.core.runtime.CoreException: Could not resolve artifact com.atguigu.crowd:atcrowdfunding05-common-util:jar:javadoc:0.0.1-SNAPSHOT
	at org.eclipse.m2e.core.internal.embedder.MavenImpl.lambda$4(MavenImpl.java:803)
	at org.eclipse.m2e.core.internal.embedder.MavenExecutionContext.executeBare(MavenExecutionContext.java:179)
	at org.eclipse.m2e.core.internal.embedder.MavenExecutionContext.execute(MavenExecutionContext.java:114)
	at org.eclipse.m2e.core.internal.embedder.MavenExecutionContext.execute(MavenExecutionContext.java:101)
	at org.eclipse.m2e.core.internal.embedder.MavenImpl.resolve(MavenImpl.java:771)
	at org.eclipse.m2e.core.internal.embedder.MavenImpl.resolve(MavenImpl.java:748)
	at org.eclipse.m2e.jdt.internal.DownloadSourcesJob.download(DownloadSourcesJob.java:330)
	at org.eclipse.m2e.jdt.internal.DownloadSourcesJob.downloadAttachments(DownloadSourcesJob.java:316)
	at org.eclipse.m2e.jdt.internal.DownloadSourcesJob.downloadMaven(DownloadSourcesJob.java:269)
	at org.eclipse.m2e.jdt.internal.DownloadSourcesJob.downloadFilesAndPopulateToUpdate(DownloadSourcesJob.java:233)
	at org.eclipse.m2e.jdt.internal.DownloadSourcesJob.lambda$0(DownloadSourcesJob.java:161)
	at org.eclipse.m2e.core.internal.embedder.MavenExecutionContext.executeBare(MavenExecutionContext.java:179)
	at org.eclipse.m2e.core.internal.embedder.MavenExecutionContext.execute(MavenExecutionContext.java:153)
	at org.eclipse.m2e.core.internal.embedder.MavenExecutionContext.execute(MavenExecutionContext.java:101)
	at org.eclipse.m2e.core.internal.embedder.MavenImpl.execute(MavenImpl.java:1373)
	at org.eclipse.m2e.jdt.internal.DownloadSourcesJob.run(DownloadSourcesJob.java:161)
	at org.eclipse.core.internal.jobs.Worker.run(Worker.java:63)
Contains: Missing com.atguigu.crowd:atcrowdfunding05-common-util:jar:javadoc:0.0.1-SNAPSHOT
2021-02-28 16:23:26,335 1038443 [er-18: Building] WARN  nternal.embedder.EclipseLogger  - Using platform encoding (GBK actually) to copy filtered resources, i.e. build is platform dependent!
2021-02-28 16:23:26,338 1038446 [er-18: Building] WARN  nternal.embedder.EclipseLogger  - Using platform encoding (GBK actually) to copy filtered resources, i.e. build is platform dependent!
2021-02-28 16:23:27,236 1039344 [er-18: Building] WARN  nternal.embedder.EclipseLogger  - Using platform encoding (GBK actually) to copy filtered resources, i.e. build is platform dependent!
2021-02-28 16:23:27,238 1039346 [er-18: Building] WARN  nternal.embedder.EclipseLogger  - Using platform encoding (GBK actually) to copy filtered resources, i.e. build is platform dependent!
2021-02-28 16:23:29,554 1041662 [er-18: Building] WARN  nternal.embedder.EclipseLogger  - Using platform encoding (GBK actually) to copy filtered resources, i.e. build is platform dependent!
2021-02-28 16:23:29,588 1041696 [er-18: Building] WARN  nternal.embedder.EclipseLogger  - Using platform encoding (GBK actually) to copy filtered resources, i.e. build is platform dependent!
2021-02-28 16:24:04,497 1076605 [er-42: Building] WARN  nternal.embedder.EclipseLogger  - Using platform encoding (GBK actually) to copy filtered resources, i.e. build is platform dependent!
2021-02-28 16:24:04,498 1076606 [er-42: Building] WARN  nternal.embedder.EclipseLogger  - Using platform encoding (GBK actually) to copy filtered resources, i.e. build is platform dependent!
2021-02-28 16:24:04,767 1076875 [er-42: Building] WARN  nternal.embedder.EclipseLogger  - Using platform encoding (GBK actually) to copy filtered resources, i.e. build is platform dependent!
2021-02-28 16:24:04,772 1076880 [er-42: Building] WARN  nternal.embedder.EclipseLogger  - Using platform encoding (GBK actually) to copy filtered resources, i.e. build is platform dependent!
2021-02-28 16:24:05,485 1077593 [er-42: Building] WARN  nternal.embedder.EclipseLogger  - Using platform encoding (GBK actually) to copy filtered resources, i.e. build is platform dependent!
2021-02-28 16:24:05,504 1077612 [er-42: Building] WARN  nternal.embedder.EclipseLogger  - Using platform encoding (GBK actually) to copy filtered resources, i.e. build is platform dependent!
2021-02-28 16:24:20,419 1092527 [er-24: Building] WARN  nternal.embedder.EclipseLogger  - Using platform encoding (GBK actually) to copy filtered resources, i.e. build is platform dependent!
2021-02-28 16:24:20,421 1092529 [er-24: Building] WARN  nternal.embedder.EclipseLogger  - Using platform encoding (GBK actually) to copy filtered resources, i.e. build is platform dependent!
2021-02-28 16:25:37,638 1169746 [er-24: Building] WARN  nternal.embedder.EclipseLogger  - Using platform encoding (GBK actually) to copy filtered resources, i.e. build is platform dependent!
2021-02-28 16:25:37,643 1169751 [er-24: Building] WARN  nternal.embedder.EclipseLogger  - Using platform encoding (GBK actually) to copy filtered resources, i.e. build is platform dependent!
2021-02-28 16:25:37,920 1170028 [er-24: Building] WARN  nternal.embedder.EclipseLogger  - Using platform encoding (GBK actually) to copy filtered resources, i.e. build is platform dependent!
2021-02-28 16:25:37,921 1170029 [er-24: Building] WARN  nternal.embedder.EclipseLogger  - Using platform encoding (GBK actually) to copy filtered resources, i.e. build is platform dependent!
2021-02-28 16:25:38,479 1170587 [er-24: Building] WARN  nternal.embedder.EclipseLogger  - Using platform encoding (GBK actually) to copy filtered resources, i.e. build is platform dependent!
2021-02-28 16:25:38,484 1170592 [er-24: Building] WARN  nternal.embedder.EclipseLogger  - Using platform encoding (GBK actually) to copy filtered resources, i.e. build is platform dependent!
2021-02-28 16:25:39,075 1171183 [er-24: Building] WARN  nternal.embedder.EclipseLogger  - Using platform encoding (GBK actually) to copy filtered resources, i.e. build is platform dependent!
2021-02-28 16:25:39,078 1171186 [er-24: Building] WARN  nternal.embedder.EclipseLogger  - Using platform encoding (GBK actually) to copy filtered resources, i.e. build is platform dependent!
2021-02-28 16:25:39,188 1171296 [er-24: Building] WARN  nternal.embedder.EclipseLogger  - Using platform encoding (GBK actually) to copy filtered resources, i.e. build is platform dependent!
2021-02-28 16:25:39,189 1171297 [er-24: Building] WARN  nternal.embedder.EclipseLogger  - Using platform encoding (GBK actually) to copy filtered resources, i.e. build is platform dependent!
2021-02-28 16:25:39,271 1171379 [er-24: Building] WARN  nternal.embedder.EclipseLogger  - Using platform encoding (GBK actually) to copy filtered resources, i.e. build is platform dependent!
2021-02-28 16:25:39,271 1171379 [er-24: Building] WARN  nternal.embedder.EclipseLogger  - Using platform encoding (GBK actually) to copy filtered resources, i.e. build is platform dependent!
2021-02-28 16:25:39,384 1171492 [er-24: Building] WARN  nternal.embedder.EclipseLogger  - Using platform encoding (GBK actually) to copy filtered resources, i.e. build is platform dependent!
2021-02-28 16:25:39,385 1171493 [er-24: Building] WARN  nternal.embedder.EclipseLogger  - Using platform encoding (GBK actually) to copy filtered resources, i.e. build is platform dependent!
2021-02-28 16:25:39,773 1171881 [er-24: Building] WARN  nternal.embedder.EclipseLogger  - Using platform encoding (GBK actually) to copy filtered resources, i.e. build is platform dependent!
2021-02-28 16:25:39,776 1171884 [er-24: Building] WARN  nternal.embedder.EclipseLogger  - Using platform encoding (GBK actually) to copy filtered resources, i.e. build is platform dependent!
2021-02-28 16:25:40,087 1172195 [er-24: Building] WARN  nternal.embedder.EclipseLogger  - Using platform encoding (GBK actually) to copy filtered resources, i.e. build is platform dependent!
2021-02-28 16:25:40,089 1172197 [er-24: Building] WARN  nternal.embedder.EclipseLogger  - Using platform encoding (GBK actually) to copy filtered resources, i.e. build is platform dependent!
2021-02-28 16:25:41,022 1173130 [er-37: Building] WARN  nternal.embedder.EclipseLogger  - Using platform encoding (GBK actually) to copy filtered resources, i.e. build is platform dependent!
2021-02-28 16:25:41,186 1173294 [er-37: Building] WARN  nternal.embedder.EclipseLogger  - Using platform encoding (GBK actually) to copy filtered resources, i.e. build is platform dependent!
2021-02-28 16:29:05,642 1377750 [er-18: Building] WARN  nternal.embedder.EclipseLogger  - Using platform encoding (GBK actually) to copy filtered resources, i.e. build is platform dependent!
2021-02-28 16:29:05,643 1377751 [er-18: Building] WARN  nternal.embedder.EclipseLogger  - Using platform encoding (GBK actually) to copy filtered resources, i.e. build is platform dependent!
2021-02-28 16:29:05,654 1377762 [er-18: Building] WARN  nternal.embedder.EclipseLogger  - Using platform encoding (GBK actually) to copy filtered resources, i.e. build is platform dependent!
2021-02-28 16:29:05,656 1377764 [er-18: Building] WARN  nternal.embedder.EclipseLogger  - Using platform encoding (GBK actually) to copy filtered resources, i.e. build is platform dependent!
2021-02-28 16:29:05,779 1377887 [er-18: Building] WARN  nternal.embedder.EclipseLogger  - Using platform encoding (GBK actually) to copy filtered resources, i.e. build is platform dependent!
2021-02-28 16:29:05,779 1377887 [er-18: Building] WARN  nternal.embedder.EclipseLogger  - Using platform encoding (GBK actually) to copy filtered resources, i.e. build is platform dependent!
2021-02-28 16:29:05,868 1377976 [er-18: Building] WARN  nternal.embedder.EclipseLogger  - Using platform encoding (GBK actually) to copy filtered resources, i.e. build is platform dependent!
2021-02-28 16:29:05,869 1377977 [er-18: Building] WARN  nternal.embedder.EclipseLogger  - Using platform encoding (GBK actually) to copy filtered resources, i.e. build is platform dependent!
2021-02-28 16:29:05,879 1377987 [er-18: Building] WARN  nternal.embedder.EclipseLogger  - Using platform encoding (GBK actually) to copy filtered resources, i.e. build is platform dependent!
2021-02-28 16:29:05,880 1377988 [er-18: Building] WARN  nternal.embedder.EclipseLogger  - Using platform encoding (GBK actually) to copy filtered resources, i.e. build is platform dependent!
2021-02-28 16:29:06,277 1378385 [er-18: Building] WARN  nternal.embedder.EclipseLogger  - Using platform encoding (GBK actually) to copy filtered resources, i.e. build is platform dependent!
2021-02-28 16:29:06,278 1378386 [er-18: Building] WARN  nternal.embedder.EclipseLogger  - Using platform encoding (GBK actually) to copy filtered resources, i.e. build is platform dependent!
2021-02-28 16:29:06,384 1378492 [er-18: Building] WARN  nternal.embedder.EclipseLogger  - Using platform encoding (GBK actually) to copy filtered resources, i.e. build is platform dependent!
2021-02-28 16:29:06,384 1378492 [er-18: Building] WARN  nternal.embedder.EclipseLogger  - Using platform encoding (GBK actually) to copy filtered resources, i.e. build is platform dependent!
2021-02-28 16:29:06,777 1378885 [er-18: Building] WARN  nternal.embedder.EclipseLogger  - Using platform encoding (GBK actually) to copy filtered resources, i.e. build is platform dependent!
2021-02-28 16:29:06,778 1378886 [er-18: Building] WARN  nternal.embedder.EclipseLogger  - Using platform encoding (GBK actually) to copy filtered resources, i.e. build is platform dependent!
2021-02-28 16:29:07,243 1379351 [er-18: Building] WARN  nternal.embedder.EclipseLogger  - Using platform encoding (GBK actually) to copy filtered resources, i.e. build is platform dependent!
2021-02-28 16:29:07,243 1379351 [er-18: Building] WARN  nternal.embedder.EclipseLogger  - Using platform encoding (GBK actually) to copy filtered resources, i.e. build is platform dependent!
2021-02-28 16:29:07,328 1379436 [er-18: Building] WARN  nternal.embedder.EclipseLogger  - Using platform encoding (GBK actually) to copy filtered resources, i.e. build is platform dependent!
2021-02-28 16:29:07,329 1379437 [er-18: Building] WARN  nternal.embedder.EclipseLogger  - Using platform encoding (GBK actually) to copy filtered resources, i.e. build is platform dependent!
2021-02-28 16:29:07,403 1379511 [er-18: Building] WARN  nternal.embedder.EclipseLogger  - Using platform encoding (GBK actually) to copy filtered resources, i.e. build is platform dependent!
2021-02-28 16:29:07,404 1379512 [er-18: Building] WARN  nternal.embedder.EclipseLogger  - Using platform encoding (GBK actually) to copy filtered resources, i.e. build is platform dependent!
2021-02-28 16:29:07,483 1379591 [er-18: Building] WARN  nternal.embedder.EclipseLogger  - Using platform encoding (GBK actually) to copy filtered resources, i.e. build is platform dependent!
2021-02-28 16:29:07,484 1379592 [er-18: Building] WARN  nternal.embedder.EclipseLogger  - Using platform encoding (GBK actually) to copy filtered resources, i.e. build is platform dependent!
2021-02-28 16:29:07,825 1379933 [er-18: Building] WARN  nternal.embedder.EclipseLogger  - Using platform encoding (GBK actually) to copy filtered resources, i.e. build is platform dependent!
2021-02-28 16:29:07,826 1379934 [er-18: Building] WARN  nternal.embedder.EclipseLogger  - Using platform encoding (GBK actually) to copy filtered resources, i.e. build is platform dependent!
2021-02-28 16:29:08,114 1380222 [er-18: Building] WARN  nternal.embedder.EclipseLogger  - Using platform encoding (GBK actually) to copy filtered resources, i.e. build is platform dependent!
2021-02-28 16:29:08,115 1380223 [er-18: Building] WARN  nternal.embedder.EclipseLogger  - Using platform encoding (GBK actually) to copy filtered resources, i.e. build is platform dependent!
2021-02-28 16:29:08,505 1380613 [er-18: Building] WARN  nternal.embedder.EclipseLogger  - Using platform encoding (GBK actually) to copy filtered resources, i.e. build is platform dependent!
2021-02-28 16:29:08,506 1380614 [er-18: Building] WARN  nternal.embedder.EclipseLogger  - Using platform encoding (GBK actually) to copy filtered resources, i.e. build is platform dependent!
2021-02-28 16:29:29,770 1401878 [er-42: Building] WARN  nternal.embedder.EclipseLogger  - Using platform encoding (GBK actually) to copy filtered resources, i.e. build is platform dependent!
2021-02-28 16:29:29,771 1401879 [er-42: Building] WARN  nternal.embedder.EclipseLogger  - Using platform encoding (GBK actually) to copy filtered resources, i.e. build is platform dependent!
2021-02-28 16:31:36,992 1529100 [er-46: Building] WARN  nternal.embedder.EclipseLogger  - Using platform encoding (GBK actually) to copy filtered resources, i.e. build is platform dependent!
2021-02-28 16:31:36,994 1529102 [er-46: Building] WARN  nternal.embedder.EclipseLogger  - Using platform encoding (GBK actually) to copy filtered resources, i.e. build is platform dependent!
2021-02-28 16:31:37,514 1529622 [er-46: Building] WARN  nternal.embedder.EclipseLogger  - Using platform encoding (GBK actually) to copy filtered resources, i.e. build is platform dependent!
2021-02-28 16:31:37,515 1529623 [er-46: Building] WARN  nternal.embedder.EclipseLogger  - Using platform encoding (GBK actually) to copy filtered resources, i.e. build is platform dependent!
2021-02-28 16:31:37,697 1529805 [er-46: Building] WARN  nternal.embedder.EclipseLogger  - Using platform encoding (GBK actually) to copy filtered resources, i.e. build is platform dependent!
2021-02-28 16:31:37,721 1529829 [er-46: Building] WARN  nternal.embedder.EclipseLogger  - Using platform encoding (GBK actually) to copy filtered resources, i.e. build is platform dependent!
2021-02-28 16:31:54,562 1546670 [er-46: Building] WARN  nternal.embedder.EclipseLogger  - Using platform encoding (GBK actually) to copy filtered resources, i.e. build is platform dependent!
2021-02-28 16:31:54,563 1546671 [er-46: Building] WARN  nternal.embedder.EclipseLogger  - Using platform encoding (GBK actually) to copy filtered resources, i.e. build is platform dependent!
2021-02-28 16:31:54,839 1546947 [er-46: Building] WARN  nternal.embedder.EclipseLogger  - Using platform encoding (GBK actually) to copy filtered resources, i.e. build is platform dependent!
2021-02-28 16:31:54,841 1546949 [er-46: Building] WARN  nternal.embedder.EclipseLogger  - Using platform encoding (GBK actually) to copy filtered resources, i.e. build is platform dependent!
2021-02-28 16:31:55,381 1547489 [er-46: Building] WARN  nternal.embedder.EclipseLogger  - Using platform encoding (GBK actually) to copy filtered resources, i.e. build is platform dependent!
2021-02-28 16:31:55,397 1547505 [er-46: Building] WARN  nternal.embedder.EclipseLogger  - Using platform encoding (GBK actually) to copy filtered resources, i.e. build is platform dependent!
2021-02-28 16:31:55,729 1547837 [er-46: Building] WARN  nternal.embedder.EclipseLogger  - Using platform encoding (GBK actually) to copy filtered resources, i.e. build is platform dependent!
2021-02-28 16:31:55,732 1547840 [er-46: Building] WARN  nternal.embedder.EclipseLogger  - Using platform encoding (GBK actually) to copy filtered resources, i.e. build is platform dependent!
2021-02-28 16:32:08,054 1560162 [er-37: Building] WARN  nternal.embedder.EclipseLogger  - Using platform encoding (GBK actually) to copy filtered resources, i.e. build is platform dependent!
2021-02-28 16:32:08,058 1560166 [er-37: Building] WARN  nternal.embedder.EclipseLogger  - Using platform encoding (GBK actually) to copy filtered resources, i.e. build is platform dependent!
2021-02-28 16:32:08,296 1560404 [er-37: Building] WARN  nternal.embedder.EclipseLogger  - Using platform encoding (GBK actually) to copy filtered resources, i.e. build is platform dependent!
2021-02-28 16:32:08,296 1560404 [er-37: Building] WARN  nternal.embedder.EclipseLogger  - Using platform encoding (GBK actually) to copy filtered resources, i.e. build is platform dependent!
2021-02-28 16:32:08,957 1561065 [er-37: Building] WARN  nternal.embedder.EclipseLogger  - Using platform encoding (GBK actually) to copy filtered resources, i.e. build is platform dependent!
2021-02-28 16:32:08,961 1561069 [er-37: Building] WARN  nternal.embedder.EclipseLogger  - Using platform encoding (GBK actually) to copy filtered resources, i.e. build is platform dependent!
2021-02-28 16:32:09,506 1561614 [er-37: Building] WARN  nternal.embedder.EclipseLogger  - Using platform encoding (GBK actually) to copy filtered resources, i.e. build is platform dependent!
2021-02-28 16:32:09,508 1561616 [er-37: Building] WARN  nternal.embedder.EclipseLogger  - Using platform encoding (GBK actually) to copy filtered resources, i.e. build is platform dependent!
2021-02-28 16:32:09,616 1561724 [er-37: Building] WARN  nternal.embedder.EclipseLogger  - Using platform encoding (GBK actually) to copy filtered resources, i.e. build is platform dependent!
2021-02-28 16:32:09,617 1561725 [er-37: Building] WARN  nternal.embedder.EclipseLogger  - Using platform encoding (GBK actually) to copy filtered resources, i.e. build is platform dependent!
2021-02-28 16:32:09,731 1561839 [er-37: Building] WARN  nternal.embedder.EclipseLogger  - Using platform encoding (GBK actually) to copy filtered resources, i.e. build is platform dependent!
2021-02-28 16:32:09,733 1561841 [er-37: Building] WARN  nternal.embedder.EclipseLogger  - Using platform encoding (GBK actually) to copy filtered resources, i.e. build is platform dependent!
2021-02-28 16:32:09,849 1561957 [er-37: Building] WARN  nternal.embedder.EclipseLogger  - Using platform encoding (GBK actually) to copy filtered resources, i.e. build is platform dependent!
2021-02-28 16:32:09,850 1561958 [er-37: Building] WARN  nternal.embedder.EclipseLogger  - Using platform encoding (GBK actually) to copy filtered resources, i.e. build is platform dependent!
2021-02-28 16:32:10,281 1562389 [er-37: Building] WARN  nternal.embedder.EclipseLogger  - Using platform encoding (GBK actually) to copy filtered resources, i.e. build is platform dependent!
2021-02-28 16:32:10,283 1562391 [er-37: Building] WARN  nternal.embedder.EclipseLogger  - Using platform encoding (GBK actually) to copy filtered resources, i.e. build is platform dependent!
2021-02-28 16:32:10,612 1562720 [er-37: Building] WARN  nternal.embedder.EclipseLogger  - Using platform encoding (GBK actually) to copy filtered resources, i.e. build is platform dependent!
2021-02-28 16:32:10,615 1562723 [er-37: Building] WARN  nternal.embedder.EclipseLogger  - Using platform encoding (GBK actually) to copy filtered resources, i.e. build is platform dependent!
2021-02-28 16:32:11,645 1563753 [er-18: Building] WARN  nternal.embedder.EclipseLogger  - Using platform encoding (GBK actually) to copy filtered resources, i.e. build is platform dependent!
2021-02-28 16:32:11,804 1563912 [er-18: Building] WARN  nternal.embedder.EclipseLogger  - Using platform encoding (GBK actually) to copy filtered resources, i.e. build is platform dependent!
2021-02-28 17:02:32,661 3384769 [er-38: Building] WARN  nternal.embedder.EclipseLogger  - Using platform encoding (GBK actually) to copy filtered resources, i.e. build is platform dependent!
2021-02-28 17:02:32,662 3384770 [er-38: Building] WARN  nternal.embedder.EclipseLogger  - Using platform encoding (GBK actually) to copy filtered resources, i.e. build is platform dependent!
2021-02-28 17:02:32,678 3384786 [er-38: Building] WARN  nternal.embedder.EclipseLogger  - Using platform encoding (GBK actually) to copy filtered resources, i.e. build is platform dependent!
2021-02-28 17:02:32,679 3384787 [er-38: Building] WARN  nternal.embedder.EclipseLogger  - Using platform encoding (GBK actually) to copy filtered resources, i.e. build is platform dependent!
2021-02-28 17:02:32,881 3384989 [er-38: Building] WARN  nternal.embedder.EclipseLogger  - Using platform encoding (GBK actually) to copy filtered resources, i.e. build is platform dependent!
2021-02-28 17:02:32,883 3384991 [er-38: Building] WARN  nternal.embedder.EclipseLogger  - Using platform encoding (GBK actually) to copy filtered resources, i.e. build is platform dependent!
2021-02-28 17:02:33,100 3385208 [er-38: Building] WARN  nternal.embedder.EclipseLogger  - Using platform encoding (GBK actually) to copy filtered resources, i.e. build is platform dependent!
2021-02-28 17:02:33,101 3385209 [er-38: Building] WARN  nternal.embedder.EclipseLogger  - Using platform encoding (GBK actually) to copy filtered resources, i.e. build is platform dependent!
2021-02-28 17:02:33,118 3385226 [er-38: Building] WARN  nternal.embedder.EclipseLogger  - Using platform encoding (GBK actually) to copy filtered resources, i.e. build is platform dependent!
2021-02-28 17:02:33,119 3385227 [er-38: Building] WARN  nternal.embedder.EclipseLogger  - Using platform encoding (GBK actually) to copy filtered resources, i.e. build is platform dependent!
2021-02-28 17:02:33,829 3385937 [er-38: Building] WARN  nternal.embedder.EclipseLogger  - Using platform encoding (GBK actually) to copy filtered resources, i.e. build is platform dependent!
2021-02-28 17:02:33,830 3385938 [er-38: Building] WARN  nternal.embedder.EclipseLogger  - Using platform encoding (GBK actually) to copy filtered resources, i.e. build is platform dependent!
2021-02-28 17:02:33,977 3386085 [er-38: Building] WARN  nternal.embedder.EclipseLogger  - Using platform encoding (GBK actually) to copy filtered resources, i.e. build is platform dependent!
2021-02-28 17:02:33,979 3386087 [er-38: Building] WARN  nternal.embedder.EclipseLogger  - Using platform encoding (GBK actually) to copy filtered resources, i.e. build is platform dependent!
2021-02-28 17:02:34,569 3386677 [er-38: Building] WARN  nternal.embedder.EclipseLogger  - Using platform encoding (GBK actually) to copy filtered resources, i.e. build is platform dependent!
2021-02-28 17:02:34,570 3386678 [er-38: Building] WARN  nternal.embedder.EclipseLogger  - Using platform encoding (GBK actually) to copy filtered resources, i.e. build is platform dependent!
2021-02-28 17:02:34,960 3387068 [er-38: Building] WARN  nternal.embedder.EclipseLogger  - Using platform encoding (GBK actually) to copy filtered resources, i.e. build is platform dependent!
2021-02-28 17:02:34,961 3387069 [er-38: Building] WARN  nternal.embedder.EclipseLogger  - Using platform encoding (GBK actually) to copy filtered resources, i.e. build is platform dependent!
2021-02-28 17:02:35,051 3387159 [er-38: Building] WARN  nternal.embedder.EclipseLogger  - Using platform encoding (GBK actually) to copy filtered resources, i.e. build is platform dependent!
2021-02-28 17:02:35,052 3387160 [er-38: Building] WARN  nternal.embedder.EclipseLogger  - Using platform encoding (GBK actually) to copy filtered resources, i.e. build is platform dependent!
2021-02-28 17:02:35,133 3387241 [er-38: Building] WARN  nternal.embedder.EclipseLogger  - Using platform encoding (GBK actually) to copy filtered resources, i.e. build is platform dependent!
2021-02-28 17:02:35,133 3387241 [er-38: Building] WARN  nternal.embedder.EclipseLogger  - Using platform encoding (GBK actually) to copy filtered resources, i.e. build is platform dependent!
2021-02-28 17:02:35,218 3387326 [er-38: Building] WARN  nternal.embedder.EclipseLogger  - Using platform encoding (GBK actually) to copy filtered resources, i.e. build is platform dependent!
2021-02-28 17:02:35,218 3387326 [er-38: Building] WARN  nternal.embedder.EclipseLogger  - Using platform encoding (GBK actually) to copy filtered resources, i.e. build is platform dependent!
2021-02-28 17:02:35,592 3387700 [er-38: Building] WARN  nternal.embedder.EclipseLogger  - Using platform encoding (GBK actually) to copy filtered resources, i.e. build is platform dependent!
2021-02-28 17:02:35,592 3387700 [er-38: Building] WARN  nternal.embedder.EclipseLogger  - Using platform encoding (GBK actually) to copy filtered resources, i.e. build is platform dependent!
2021-02-28 17:02:35,812 3387920 [er-38: Building] WARN  nternal.embedder.EclipseLogger  - Using platform encoding (GBK actually) to copy filtered resources, i.e. build is platform dependent!
2021-02-28 17:02:35,812 3387920 [er-38: Building] WARN  nternal.embedder.EclipseLogger  - Using platform encoding (GBK actually) to copy filtered resources, i.e. build is platform dependent!
2021-02-28 17:02:36,178 3388286 [er-38: Building] WARN  nternal.embedder.EclipseLogger  - Using platform encoding (GBK actually) to copy filtered resources, i.e. build is platform dependent!
2021-02-28 17:02:36,180 3388288 [er-38: Building] WARN  nternal.embedder.EclipseLogger  - Using platform encoding (GBK actually) to copy filtered resources, i.e. build is platform dependent!
2021-02-28 17:16:57,453 4249561 [er-57: Building] WARN  nternal.embedder.EclipseLogger  - Using platform encoding (GBK actually) to copy filtered resources, i.e. build is platform dependent!
2021-02-28 17:16:57,454 4249562 [er-57: Building] WARN  nternal.embedder.EclipseLogger  - Using platform encoding (GBK actually) to copy filtered resources, i.e. build is platform dependent!
2021-02-28 17:25:38,103 4770211 [er-64: Building] WARN  nternal.embedder.EclipseLogger  - Using platform encoding (GBK actually) to copy filtered resources, i.e. build is platform dependent!
2021-02-28 17:25:38,104 4770212 [er-64: Building] WARN  nternal.embedder.EclipseLogger  - Using platform encoding (GBK actually) to copy filtered resources, i.e. build is platform dependent!
2021-02-28 17:33:34,946 5247054 [er-67: Building] WARN  nternal.embedder.EclipseLogger  - Using platform encoding (GBK actually) to copy filtered resources, i.e. build is platform dependent!
2021-02-28 17:33:34,947 5247055 [er-67: Building] WARN  nternal.embedder.EclipseLogger  - Using platform encoding (GBK actually) to copy filtered resources, i.e. build is platform dependent!
2021-02-28 17:33:44,663 5256771 [er-69: Building] WARN  nternal.embedder.EclipseLogger  - Using platform encoding (GBK actually) to copy filtered resources, i.e. build is platform dependent!
2021-02-28 17:33:44,664 5256772 [er-69: Building] WARN  nternal.embedder.EclipseLogger  - Using platform encoding (GBK actually) to copy filtered resources, i.e. build is platform dependent!
2021-02-28 17:36:12,179 5404287 [er-69: Building] WARN  nternal.embedder.EclipseLogger  - Using platform encoding (GBK actually) to copy filtered resources, i.e. build is platform dependent!
2021-02-28 17:36:12,180 5404288 [er-69: Building] WARN  nternal.embedder.EclipseLogger  - Using platform encoding (GBK actually) to copy filtered resources, i.e. build is platform dependent!
2021-04-16 20:55:00,525 8829340 [er-61: Building] WARN  nternal.embedder.EclipseLogger  - Using platform encoding (GBK actually) to copy filtered resources, i.e. build is platform dependent!
2021-04-16 20:55:00,562 8829377 [er-61: Building] WARN  nternal.embedder.EclipseLogger  - Using platform encoding (GBK actually) to copy filtered resources, i.e. build is platform dependent!
2021-04-16 20:55:03,149 8831964 [er-61: Building] WARN  nternal.embedder.EclipseLogger  - Using platform encoding (GBK actually) to copy filtered resources, i.e. build is platform dependent!
2021-04-16 20:55:03,154 8831969 [er-61: Building] WARN  nternal.embedder.EclipseLogger  - Using platform encoding (GBK actually) to copy filtered resources, i.e. build is platform dependent!
2021-04-16 21:06:04,595 9493410 [er-62: Building] WARN  nternal.embedder.EclipseLogger  - Using platform encoding (GBK actually) to copy filtered resources, i.e. build is platform dependent!
2021-04-16 21:06:04,603 9493418 [er-62: Building] WARN  nternal.embedder.EclipseLogger  - Using platform encoding (GBK actually) to copy filtered resources, i.e. build is platform dependent!
2021-04-16 21:08:57,552 9666367 [er-70: Building] WARN  nternal.embedder.EclipseLogger  - Using platform encoding (GBK actually) to copy filtered resources, i.e. build is platform dependent!
2021-04-16 21:08:57,555 9666370 [er-70: Building] WARN  nternal.embedder.EclipseLogger  - Using platform encoding (GBK actually) to copy filtered resources, i.e. build is platform dependent!
2021-04-16 21:14:39,497 10008312 [er-72: Building] WARN  nternal.embedder.EclipseLogger  - Using platform encoding (GBK actually) to copy filtered resources, i.e. build is platform dependent!
2021-04-16 21:14:39,499 10008314 [er-72: Building] WARN  nternal.embedder.EclipseLogger  - Using platform encoding (GBK actually) to copy filtered resources, i.e. build is platform dependent!
2021-04-16 21:14:40,372 10009187 [er-72: Building] WARN  nternal.embedder.EclipseLogger  - Using platform encoding (GBK actually) to copy filtered resources, i.e. build is platform dependent!
2021-04-16 21:14:40,373 10009188 [er-72: Building] WARN  nternal.embedder.EclipseLogger  - Using platform encoding (GBK actually) to copy filtered resources, i.e. build is platform dependent!
2021-04-16 21:19:41,864 10310679 [er-77: Building] WARN  nternal.embedder.EclipseLogger  - Using platform encoding (GBK actually) to copy filtered resources, i.e. build is platform dependent!
2021-04-16 21:19:41,869 10310684 [er-77: Building] WARN  nternal.embedder.EclipseLogger  - Using platform encoding (GBK actually) to copy filtered resources, i.e. build is platform dependent!
2021-04-16 21:19:42,617 10311432 [er-77: Building] WARN  nternal.embedder.EclipseLogger  - Using platform encoding (GBK actually) to copy filtered resources, i.e. build is platform dependent!
2021-04-16 21:19:42,629 10311444 [er-77: Building] WARN  nternal.embedder.EclipseLogger  - Using platform encoding (GBK actually) to copy filtered resources, i.e. build is platform dependent!
2021-04-16 21:19:43,225 10312040 [er-77: Building] WARN  nternal.embedder.EclipseLogger  - Using platform encoding (GBK actually) to copy filtered resources, i.e. build is platform dependent!
2021-04-16 21:19:43,227 10312042 [er-77: Building] WARN  nternal.embedder.EclipseLogger  - Using platform encoding (GBK actually) to copy filtered resources, i.e. build is platform dependent!
2021-04-16 21:19:44,158 10312973 [er-78: Building] WARN  nternal.embedder.EclipseLogger  - Using platform encoding (GBK actually) to copy filtered resources, i.e. build is platform dependent!
2021-04-16 21:19:44,366 10313181 [er-78: Building] WARN  nternal.embedder.EclipseLogger  - Using platform encoding (GBK actually) to copy filtered resources, i.e. build is platform dependent!
2021-04-16 21:20:36,267 10365082 [er-78: Building] WARN  nternal.embedder.EclipseLogger  - Using platform encoding (GBK actually) to copy filtered resources, i.e. build is platform dependent!
2021-04-16 21:20:36,268 10365083 [er-78: Building] WARN  nternal.embedder.EclipseLogger  - Using platform encoding (GBK actually) to copy filtered resources, i.e. build is platform dependent!
2021-04-16 21:20:36,286 10365101 [er-78: Building] WARN  nternal.embedder.EclipseLogger  - Using platform encoding (GBK actually) to copy filtered resources, i.e. build is platform dependent!
2021-04-16 21:20:36,287 10365102 [er-78: Building] WARN  nternal.embedder.EclipseLogger  - Using platform encoding (GBK actually) to copy filtered resources, i.e. build is platform dependent!
2021-04-16 21:20:36,301 10365116 [er-78: Building] WARN  nternal.embedder.EclipseLogger  - Using platform encoding (GBK actually) to copy filtered resources, i.e. build is platform dependent!
2021-04-16 21:20:36,302 10365117 [er-78: Building] WARN  nternal.embedder.EclipseLogger  - Using platform encoding (GBK actually) to copy filtered resources, i.e. build is platform dependent!
2021-04-16 21:32:41,496 11090311 [er-86: Building] WARN  nternal.embedder.EclipseLogger  - Using platform encoding (GBK actually) to copy filtered resources, i.e. build is platform dependent!
2021-04-16 21:32:41,498 11090313 [er-86: Building] WARN  nternal.embedder.EclipseLogger  - Using platform encoding (GBK actually) to copy filtered resources, i.e. build is platform dependent!
2021-04-16 22:06:02,504 13091319 [er-85: Building] WARN  nternal.embedder.EclipseLogger  - Using platform encoding (GBK actually) to copy filtered resources, i.e. build is platform dependent!
2021-04-16 22:06:02,505 13091320 [er-85: Building] WARN  nternal.embedder.EclipseLogger  - Using platform encoding (GBK actually) to copy filtered resources, i.e. build is platform dependent!
2021-04-16 22:07:48,837 13197652 [er-88: Building] WARN  nternal.embedder.EclipseLogger  - Using platform encoding (GBK actually) to copy filtered resources, i.e. build is platform dependent!
2021-04-16 22:07:48,840 13197655 [er-88: Building] WARN  nternal.embedder.EclipseLogger  - Using platform encoding (GBK actually) to copy filtered resources, i.e. build is platform dependent!
2021-04-16 22:09:20,400 13289215 [er-85: Building] WARN  nternal.embedder.EclipseLogger  - Using platform encoding (GBK actually) to copy filtered resources, i.e. build is platform dependent!
2021-04-16 22:09:20,401 13289216 [er-85: Building] WARN  nternal.embedder.EclipseLogger  - Using platform encoding (GBK actually) to copy filtered resources, i.e. build is platform dependent!
2021-04-16 22:16:04,093 13692908 [er-72: Building] WARN  nternal.embedder.EclipseLogger  - Using platform encoding (GBK actually) to copy filtered resources, i.e. build is platform dependent!
2021-04-16 22:16:04,094 13692909 [er-72: Building] WARN  nternal.embedder.EclipseLogger  - Using platform encoding (GBK actually) to copy filtered resources, i.e. build is platform dependent!
2021-04-16 22:16:04,122 13692937 [er-72: Building] WARN  nternal.embedder.EclipseLogger  - Using platform encoding (GBK actually) to copy filtered resources, i.e. build is platform dependent!
2021-04-16 22:16:04,125 13692940 [er-72: Building] WARN  nternal.embedder.EclipseLogger  - Using platform encoding (GBK actually) to copy filtered resources, i.e. build is platform dependent!
2021-04-16 22:23:13,926 14122741 [er-90: Building] WARN  nternal.embedder.EclipseLogger  - Using platform encoding (GBK actually) to copy filtered resources, i.e. build is platform dependent!
2021-04-16 22:23:13,935 14122750 [er-90: Building] WARN  nternal.embedder.EclipseLogger  - Using platform encoding (GBK actually) to copy filtered resources, i.e. build is platform dependent!
2021-04-17 00:13:20,184 20728999 [r-114: Building] WARN  nternal.embedder.EclipseLogger  - Using platform encoding (GBK actually) to copy filtered resources, i.e. build is platform dependent!
2021-04-17 00:13:20,192 20729007 [r-114: Building] WARN  nternal.embedder.EclipseLogger  - Using platform encoding (GBK actually) to copy filtered resources, i.e. build is platform dependent!
2021-04-17 00:13:23,237 20732052 [r-113: Building] WARN  nternal.embedder.EclipseLogger  - Using platform encoding (GBK actually) to copy filtered resources, i.e. build is platform dependent!
2021-04-17 00:13:23,244 20732059 [r-113: Building] WARN  nternal.embedder.EclipseLogger  - Using platform encoding (GBK actually) to copy filtered resources, i.e. build is platform dependent!
2021-04-17 23:50:25,788 105754603 [r-292: Building] WARN  nternal.embedder.EclipseLogger  - Using platform encoding (GBK actually) to copy filtered resources, i.e. build is platform dependent!
2021-04-17 23:50:25,790 105754605 [r-292: Building] WARN  nternal.embedder.EclipseLogger  - Using platform encoding (GBK actually) to copy filtered resources, i.e. build is platform dependent!
2021-04-17 23:52:22,955 105871770 [r-299: Building] WARN  nternal.embedder.EclipseLogger  - Using platform encoding (GBK actually) to copy filtered resources, i.e. build is platform dependent!
2021-04-17 23:52:22,956 105871771 [r-299: Building] WARN  nternal.embedder.EclipseLogger  - Using platform encoding (GBK actually) to copy filtered resources, i.e. build is platform dependent!
2021-04-17 23:56:41,634 106130449 [r-298: Building] WARN  nternal.embedder.EclipseLogger  - Using platform encoding (GBK actually) to copy filtered resources, i.e. build is platform dependent!
2021-04-17 23:56:41,635 106130450 [r-298: Building] WARN  nternal.embedder.EclipseLogger  - Using platform encoding (GBK actually) to copy filtered resources, i.e. build is platform dependent!
2021-04-18 00:03:17,091 106525906 [r-302: Building] WARN  nternal.embedder.EclipseLogger  - Using platform encoding (GBK actually) to copy filtered resources, i.e. build is platform dependent!
2021-04-18 00:03:17,092 106525907 [r-302: Building] WARN  nternal.embedder.EclipseLogger  - Using platform encoding (GBK actually) to copy filtered resources, i.e. build is platform dependent!
2021-04-18 00:08:30,837 106839652 [r-310: Building] WARN  nternal.embedder.EclipseLogger  - Using platform encoding (GBK actually) to copy filtered resources, i.e. build is platform dependent!
2021-04-18 00:08:30,838 106839653 [r-310: Building] WARN  nternal.embedder.EclipseLogger  - Using platform encoding (GBK actually) to copy filtered resources, i.e. build is platform dependent!
2021-04-18 00:09:33,238 106902053 [r-310: Building] WARN  nternal.embedder.EclipseLogger  - Using platform encoding (GBK actually) to copy filtered resources, i.e. build is platform dependent!
2021-04-18 00:09:33,239 106902054 [r-310: Building] WARN  nternal.embedder.EclipseLogger  - Using platform encoding (GBK actually) to copy filtered resources, i.e. build is platform dependent!
2021-04-18 00:11:32,921 107021736 [r-311: Building] WARN  nternal.embedder.EclipseLogger  - Using platform encoding (GBK actually) to copy filtered resources, i.e. build is platform dependent!
2021-04-18 00:11:32,922 107021737 [r-311: Building] WARN  nternal.embedder.EclipseLogger  - Using platform encoding (GBK actually) to copy filtered resources, i.e. build is platform dependent!
2021-04-18 00:12:13,831 107062646 [r-308: Building] WARN  nternal.embedder.EclipseLogger  - Using platform encoding (GBK actually) to copy filtered resources, i.e. build is platform dependent!
2021-04-18 00:12:13,834 107062649 [r-308: Building] WARN  nternal.embedder.EclipseLogger  - Using platform encoding (GBK actually) to copy filtered resources, i.e. build is platform dependent!
2021-04-18 17:42:15,267 170064082 [r-455: Building] WARN  nternal.embedder.EclipseLogger  - Using platform encoding (GBK actually) to copy filtered resources, i.e. build is platform dependent!
2021-04-18 17:42:15,275 170064090 [r-455: Building] WARN  nternal.embedder.EclipseLogger  - Using platform encoding (GBK actually) to copy filtered resources, i.e. build is platform dependent!
2021-04-18 17:53:46,523 170755338 [r-456: Building] WARN  nternal.embedder.EclipseLogger  - Using platform encoding (GBK actually) to copy filtered resources, i.e. build is platform dependent!
2021-04-18 17:53:46,524 170755339 [r-456: Building] WARN  nternal.embedder.EclipseLogger  - Using platform encoding (GBK actually) to copy filtered resources, i.e. build is platform dependent!
2021-04-18 17:53:53,225 170762040 [r-457: Building] WARN  nternal.embedder.EclipseLogger  - Using platform encoding (GBK actually) to copy filtered resources, i.e. build is platform dependent!
2021-04-18 17:53:53,226 170762041 [r-457: Building] WARN  nternal.embedder.EclipseLogger  - Using platform encoding (GBK actually) to copy filtered resources, i.e. build is platform dependent!
2021-04-18 17:53:53,695 170762510 [r-457: Building] WARN  nternal.embedder.EclipseLogger  - Using platform encoding (GBK actually) to copy filtered resources, i.e. build is platform dependent!
2021-04-18 17:53:53,702 170762517 [r-457: Building] WARN  nternal.embedder.EclipseLogger  - Using platform encoding (GBK actually) to copy filtered resources, i.e. build is platform dependent!
2021-04-18 18:00:39,265 171168080 [r-452: Building] WARN  nternal.embedder.EclipseLogger  - Using platform encoding (GBK actually) to copy filtered resources, i.e. build is platform dependent!
2021-04-18 18:00:39,266 171168081 [r-452: Building] WARN  nternal.embedder.EclipseLogger  - Using platform encoding (GBK actually) to copy filtered resources, i.e. build is platform dependent!
2021-04-18 18:00:39,730 171168545 [r-452: Building] WARN  nternal.embedder.EclipseLogger  - Using platform encoding (GBK actually) to copy filtered resources, i.e. build is platform dependent!
2021-04-18 18:00:39,737 171168552 [r-452: Building] WARN  nternal.embedder.EclipseLogger  - Using platform encoding (GBK actually) to copy filtered resources, i.e. build is platform dependent!
2021-04-18 18:24:51,107 172619922 [r-466: Building] WARN  nternal.embedder.EclipseLogger  - Using platform encoding (GBK actually) to copy filtered resources, i.e. build is platform dependent!
2021-04-18 18:24:51,107 172619922 [r-466: Building] WARN  nternal.embedder.EclipseLogger  - Using platform encoding (GBK actually) to copy filtered resources, i.e. build is platform dependent!
2021-04-18 18:24:51,186 172620001 [r-466: Building] WARN  nternal.embedder.EclipseLogger  - Using platform encoding (GBK actually) to copy filtered resources, i.e. build is platform dependent!
2021-04-18 18:24:51,189 172620004 [r-466: Building] WARN  nternal.embedder.EclipseLogger  - Using platform encoding (GBK actually) to copy filtered resources, i.e. build is platform dependent!
2021-04-18 18:27:11,015 172759830 [r-464: Building] WARN  nternal.embedder.EclipseLogger  - Using platform encoding (GBK actually) to copy filtered resources, i.e. build is platform dependent!
2021-04-18 18:27:11,016 172759831 [r-464: Building] WARN  nternal.embedder.EclipseLogger  - Using platform encoding (GBK actually) to copy filtered resources, i.e. build is platform dependent!
2021-04-18 18:27:11,251 172760066 [r-464: Building] WARN  nternal.embedder.EclipseLogger  - Using platform encoding (GBK actually) to copy filtered resources, i.e. build is platform dependent!
2021-04-18 18:27:11,252 172760067 [r-464: Building] WARN  nternal.embedder.EclipseLogger  - Using platform encoding (GBK actually) to copy filtered resources, i.e. build is platform dependent!
2021-04-18 18:27:11,638 172760453 [r-464: Building] WARN  nternal.embedder.EclipseLogger  - Using platform encoding (GBK actually) to copy filtered resources, i.e. build is platform dependent!
2021-04-18 18:27:11,654 172760469 [r-464: Building] WARN  nternal.embedder.EclipseLogger  - Using platform encoding (GBK actually) to copy filtered resources, i.e. build is platform dependent!
2021-04-18 18:27:12,866 172761681 [r-472: Building] WARN  nternal.embedder.EclipseLogger  - Using platform encoding (GBK actually) to copy filtered resources, i.e. build is platform dependent!
2021-04-18 18:27:12,867 172761682 [r-472: Building] WARN  nternal.embedder.EclipseLogger  - Using platform encoding (GBK actually) to copy filtered resources, i.e. build is platform dependent!
2021-04-18 18:27:14,121 172762936 [r-474: Building] WARN  nternal.embedder.EclipseLogger  - Using platform encoding (GBK actually) to copy filtered resources, i.e. build is platform dependent!
2021-04-18 18:27:14,122 172762937 [r-474: Building] WARN  nternal.embedder.EclipseLogger  - Using platform encoding (GBK actually) to copy filtered resources, i.e. build is platform dependent!
2021-04-18 18:27:16,227 172765042 [r-464: Building] WARN  nternal.embedder.EclipseLogger  - Using platform encoding (GBK actually) to copy filtered resources, i.e. build is platform dependent!
2021-04-18 18:27:16,234 172765049 [r-464: Building] WARN  nternal.embedder.EclipseLogger  - Using platform encoding (GBK actually) to copy filtered resources, i.e. build is platform dependent!
2021-04-18 18:27:17,301 172766116 [r-464: Building] WARN  nternal.embedder.EclipseLogger  - Using platform encoding (GBK actually) to copy filtered resources, i.e. build is platform dependent!
2021-04-18 18:27:17,303 172766118 [r-464: Building] WARN  nternal.embedder.EclipseLogger  - Using platform encoding (GBK actually) to copy filtered resources, i.e. build is platform dependent!
2021-04-18 18:27:17,720 172766535 [r-475: Building] WARN  nternal.embedder.EclipseLogger  - Using platform encoding (GBK actually) to copy filtered resources, i.e. build is platform dependent!
2021-04-18 18:27:17,722 172766537 [r-475: Building] WARN  nternal.embedder.EclipseLogger  - Using platform encoding (GBK actually) to copy filtered resources, i.e. build is platform dependent!
2021-04-18 18:27:18,913 172767728 [r-475: Building] WARN  nternal.embedder.EclipseLogger  - Using platform encoding (GBK actually) to copy filtered resources, i.e. build is platform dependent!
2021-04-18 18:27:19,118 172767933 [r-475: Building] WARN  nternal.embedder.EclipseLogger  - Using platform encoding (GBK actually) to copy filtered resources, i.e. build is platform dependent!
2021-04-18 18:27:52,731 172801546 [r-476: Building] WARN  nternal.embedder.EclipseLogger  - Using platform encoding (GBK actually) to copy filtered resources, i.e. build is platform dependent!
2021-04-18 18:27:52,732 172801547 [r-476: Building] WARN  nternal.embedder.EclipseLogger  - Using platform encoding (GBK actually) to copy filtered resources, i.e. build is platform dependent!
2021-04-18 18:27:52,774 172801589 [r-476: Building] WARN  nternal.embedder.EclipseLogger  - Using platform encoding (GBK actually) to copy filtered resources, i.e. build is platform dependent!
2021-04-18 18:27:52,775 172801590 [r-476: Building] WARN  nternal.embedder.EclipseLogger  - Using platform encoding (GBK actually) to copy filtered resources, i.e. build is platform dependent!
2021-04-18 18:27:52,788 172801603 [r-476: Building] WARN  nternal.embedder.EclipseLogger  - Using platform encoding (GBK actually) to copy filtered resources, i.e. build is platform dependent!
2021-04-18 18:27:52,789 172801604 [r-476: Building] WARN  nternal.embedder.EclipseLogger  - Using platform encoding (GBK actually) to copy filtered resources, i.e. build is platform dependent!
2021-04-18 18:31:39,317 173028132 [r-470: Building] WARN  nternal.embedder.EclipseLogger  - Using platform encoding (GBK actually) to copy filtered resources, i.e. build is platform dependent!
2021-04-18 18:31:39,319 173028134 [r-470: Building] WARN  nternal.embedder.EclipseLogger  - Using platform encoding (GBK actually) to copy filtered resources, i.e. build is platform dependent!
2021-04-18 18:33:33,720 173142535 [r-470: Building] WARN  nternal.embedder.EclipseLogger  - Using platform encoding (GBK actually) to copy filtered resources, i.e. build is platform dependent!
2021-04-18 18:33:33,721 173142536 [r-470: Building] WARN  nternal.embedder.EclipseLogger  - Using platform encoding (GBK actually) to copy filtered resources, i.e. build is platform dependent!
2021-04-18 18:33:34,446 173143261 [r-479: Building] WARN  nternal.embedder.EclipseLogger  - Using platform encoding (GBK actually) to copy filtered resources, i.e. build is platform dependent!
2021-04-18 18:33:34,447 173143262 [r-479: Building] WARN  nternal.embedder.EclipseLogger  - Using platform encoding (GBK actually) to copy filtered resources, i.e. build is platform dependent!
2021-04-18 18:33:34,891 173143706 [r-479: Building] WARN  nternal.embedder.EclipseLogger  - Using platform encoding (GBK actually) to copy filtered resources, i.e. build is platform dependent!
2021-04-18 18:33:34,893 173143708 [r-479: Building] WARN  nternal.embedder.EclipseLogger  - Using platform encoding (GBK actually) to copy filtered resources, i.e. build is platform dependent!
2021-04-18 18:33:37,058 173145873 [r-478: Building] WARN  nternal.embedder.EclipseLogger  - Using platform encoding (GBK actually) to copy filtered resources, i.e. build is platform dependent!
2021-04-18 18:33:37,077 173145892 [r-478: Building] WARN  nternal.embedder.EclipseLogger  - Using platform encoding (GBK actually) to copy filtered resources, i.e. build is platform dependent!
2021-04-18 18:33:38,095 173146910 [r-478: Building] WARN  nternal.embedder.EclipseLogger  - Using platform encoding (GBK actually) to copy filtered resources, i.e. build is platform dependent!
2021-04-18 18:33:38,103 173146918 [r-478: Building] WARN  nternal.embedder.EclipseLogger  - Using platform encoding (GBK actually) to copy filtered resources, i.e. build is platform dependent!
2021-04-18 18:33:39,881 173148696 [r-479: Building] WARN  nternal.embedder.EclipseLogger  - Using platform encoding (GBK actually) to copy filtered resources, i.e. build is platform dependent!
2021-04-18 18:33:39,890 173148705 [r-479: Building] WARN  nternal.embedder.EclipseLogger  - Using platform encoding (GBK actually) to copy filtered resources, i.e. build is platform dependent!
2021-04-18 18:33:40,386 173149201 [r-470: Building] WARN  nternal.embedder.EclipseLogger  - Using platform encoding (GBK actually) to copy filtered resources, i.e. build is platform dependent!
2021-04-18 18:33:40,387 173149202 [r-470: Building] WARN  nternal.embedder.EclipseLogger  - Using platform encoding (GBK actually) to copy filtered resources, i.e. build is platform dependent!
2021-04-18 18:33:43,662 173152477 [r-483: Building] WARN  nternal.embedder.EclipseLogger  - Using platform encoding (GBK actually) to copy filtered resources, i.e. build is platform dependent!
2021-04-18 18:33:43,665 173152480 [r-483: Building] WARN  nternal.embedder.EclipseLogger  - Using platform encoding (GBK actually) to copy filtered resources, i.e. build is platform dependent!
2021-04-18 18:33:43,709 173152524 [r-483: Building] WARN  nternal.embedder.EclipseLogger  - Using platform encoding (GBK actually) to copy filtered resources, i.e. build is platform dependent!
2021-04-18 18:33:43,710 173152525 [r-483: Building] WARN  nternal.embedder.EclipseLogger  - Using platform encoding (GBK actually) to copy filtered resources, i.e. build is platform dependent!
2021-04-18 18:33:43,725 173152540 [r-483: Building] WARN  nternal.embedder.EclipseLogger  - Using platform encoding (GBK actually) to copy filtered resources, i.e. build is platform dependent!
2021-04-18 18:33:43,726 173152541 [r-483: Building] WARN  nternal.embedder.EclipseLogger  - Using platform encoding (GBK actually) to copy filtered resources, i.e. build is platform dependent!
2021-04-18 18:33:44,364 173153179 [r-483: Building] WARN  nternal.embedder.EclipseLogger  - Using platform encoding (GBK actually) to copy filtered resources, i.e. build is platform dependent!
2021-04-18 18:33:44,365 173153180 [r-483: Building] WARN  nternal.embedder.EclipseLogger  - Using platform encoding (GBK actually) to copy filtered resources, i.e. build is platform dependent!
2021-04-18 18:33:45,182 173153997 [r-481: Building] WARN  nternal.embedder.EclipseLogger  - Using platform encoding (GBK actually) to copy filtered resources, i.e. build is platform dependent!
2021-04-18 18:33:45,183 173153998 [r-481: Building] WARN  nternal.embedder.EclipseLogger  - Using platform encoding (GBK actually) to copy filtered resources, i.e. build is platform dependent!
2021-04-18 18:33:45,565 173154380 [r-480: Building] WARN  nternal.embedder.EclipseLogger  - Using platform encoding (GBK actually) to copy filtered resources, i.e. build is platform dependent!
2021-04-18 18:33:45,565 173154380 [r-480: Building] WARN  nternal.embedder.EclipseLogger  - Using platform encoding (GBK actually) to copy filtered resources, i.e. build is platform dependent!
2021-04-18 18:33:45,937 173154752 [r-480: Building] WARN  nternal.embedder.EclipseLogger  - Using platform encoding (GBK actually) to copy filtered resources, i.e. build is platform dependent!
2021-04-18 18:33:46,118 173154933 [r-480: Building] WARN  nternal.embedder.EclipseLogger  - Using platform encoding (GBK actually) to copy filtered resources, i.e. build is platform dependent!
2021-04-18 18:42:22,050 173670865 [r-484: Building] WARN  nternal.embedder.EclipseLogger  - Using platform encoding (GBK actually) to copy filtered resources, i.e. build is platform dependent!
2021-04-18 18:42:22,052 173670867 [r-484: Building] WARN  nternal.embedder.EclipseLogger  - Using platform encoding (GBK actually) to copy filtered resources, i.e. build is platform dependent!
2021-04-18 18:42:22,901 173671716 [r-485: Building] WARN  nternal.embedder.EclipseLogger  - Using platform encoding (GBK actually) to copy filtered resources, i.e. build is platform dependent!
2021-04-18 18:42:22,909 173671724 [r-485: Building] WARN  nternal.embedder.EclipseLogger  - Using platform encoding (GBK actually) to copy filtered resources, i.e. build is platform dependent!
2021-04-18 18:57:26,986 174575801 [r-486: Building] WARN  nternal.embedder.EclipseLogger  - Using platform encoding (GBK actually) to copy filtered resources, i.e. build is platform dependent!
2021-04-18 18:57:26,988 174575803 [r-486: Building] WARN  nternal.embedder.EclipseLogger  - Using platform encoding (GBK actually) to copy filtered resources, i.e. build is platform dependent!
2021-04-18 18:57:27,080 174575895 [r-486: Building] WARN  nternal.embedder.EclipseLogger  - Using platform encoding (GBK actually) to copy filtered resources, i.e. build is platform dependent!
2021-04-18 18:57:27,082 174575897 [r-486: Building] WARN  nternal.embedder.EclipseLogger  - Using platform encoding (GBK actually) to copy filtered resources, i.e. build is platform dependent!
2021-04-18 19:09:49,646 175318461 [r-503: Building] WARN  nternal.embedder.EclipseLogger  - Using platform encoding (GBK actually) to copy filtered resources, i.e. build is platform dependent!
2021-04-18 19:09:49,653 175318468 [r-503: Building] WARN  nternal.embedder.EclipseLogger  - Using platform encoding (GBK actually) to copy filtered resources, i.e. build is platform dependent!
2021-04-18 19:14:35,575 175604390 [r-503: Building] WARN  nternal.embedder.EclipseLogger  - Using platform encoding (GBK actually) to copy filtered resources, i.e. build is platform dependent!
2021-04-18 19:14:35,577 175604392 [r-503: Building] WARN  nternal.embedder.EclipseLogger  - Using platform encoding (GBK actually) to copy filtered resources, i.e. build is platform dependent!
2021-04-18 19:22:44,598 176093413 [r-505: Building] WARN  nternal.embedder.EclipseLogger  - Using platform encoding (GBK actually) to copy filtered resources, i.e. build is platform dependent!
2021-04-18 19:22:44,600 176093415 [r-505: Building] WARN  nternal.embedder.EclipseLogger  - Using platform encoding (GBK actually) to copy filtered resources, i.e. build is platform dependent!
2021-04-18 19:22:44,777 176093592 [r-504: Building] WARN  nternal.embedder.EclipseLogger  - Using platform encoding (GBK actually) to copy filtered resources, i.e. build is platform dependent!
2021-04-18 19:22:44,777 176093592 [r-504: Building] WARN  nternal.embedder.EclipseLogger  - Using platform encoding (GBK actually) to copy filtered resources, i.e. build is platform dependent!
2021-04-18 19:22:45,237 176094052 [r-504: Building] WARN  nternal.embedder.EclipseLogger  - Using platform encoding (GBK actually) to copy filtered resources, i.e. build is platform dependent!
2021-04-18 19:22:45,239 176094054 [r-504: Building] WARN  nternal.embedder.EclipseLogger  - Using platform encoding (GBK actually) to copy filtered resources, i.e. build is platform dependent!
2021-04-18 19:22:45,527 176094342 [r-504: Building] WARN  nternal.embedder.EclipseLogger  - Using platform encoding (GBK actually) to copy filtered resources, i.e. build is platform dependent!
2021-04-18 19:22:45,550 176094365 [r-504: Building] WARN  nternal.embedder.EclipseLogger  - Using platform encoding (GBK actually) to copy filtered resources, i.e. build is platform dependent!
2021-04-18 19:22:46,877 176095692 [r-501: Building] WARN  nternal.embedder.EclipseLogger  - Using platform encoding (GBK actually) to copy filtered resources, i.e. build is platform dependent!
2021-04-18 19:22:46,878 176095693 [r-501: Building] WARN  nternal.embedder.EclipseLogger  - Using platform encoding (GBK actually) to copy filtered resources, i.e. build is platform dependent!
2021-04-18 19:22:47,779 176096594 [r-503: Building] WARN  nternal.embedder.EclipseLogger  - Using platform encoding (GBK actually) to copy filtered resources, i.e. build is platform dependent!
2021-04-18 19:22:47,780 176096595 [r-503: Building] WARN  nternal.embedder.EclipseLogger  - Using platform encoding (GBK actually) to copy filtered resources, i.e. build is platform dependent!
2021-04-18 19:22:48,060 176096875 [r-506: Building] WARN  nternal.embedder.EclipseLogger  - Using platform encoding (GBK actually) to copy filtered resources, i.e. build is platform dependent!
2021-04-18 19:22:48,061 176096876 [r-506: Building] WARN  nternal.embedder.EclipseLogger  - Using platform encoding (GBK actually) to copy filtered resources, i.e. build is platform dependent!
2021-04-18 19:22:49,077 176097892 [r-506: Building] WARN  nternal.embedder.EclipseLogger  - Using platform encoding (GBK actually) to copy filtered resources, i.e. build is platform dependent!
2021-04-18 19:22:49,082 176097897 [r-506: Building] WARN  nternal.embedder.EclipseLogger  - Using platform encoding (GBK actually) to copy filtered resources, i.e. build is platform dependent!
2021-04-18 19:22:50,159 176098974 [r-506: Building] WARN  nternal.embedder.EclipseLogger  - Using platform encoding (GBK actually) to copy filtered resources, i.e. build is platform dependent!
2021-04-18 19:22:50,161 176098976 [r-506: Building] WARN  nternal.embedder.EclipseLogger  - Using platform encoding (GBK actually) to copy filtered resources, i.e. build is platform dependent!
2021-04-18 19:22:50,513 176099328 [r-506: Building] WARN  nternal.embedder.EclipseLogger  - Using platform encoding (GBK actually) to copy filtered resources, i.e. build is platform dependent!
2021-04-18 19:22:50,514 176099329 [r-506: Building] WARN  nternal.embedder.EclipseLogger  - Using platform encoding (GBK actually) to copy filtered resources, i.e. build is platform dependent!
2021-04-18 19:22:51,498 176100313 [r-506: Building] WARN  nternal.embedder.EclipseLogger  - Using platform encoding (GBK actually) to copy filtered resources, i.e. build is platform dependent!
2021-04-18 19:22:51,668 176100483 [r-506: Building] WARN  nternal.embedder.EclipseLogger  - Using platform encoding (GBK actually) to copy filtered resources, i.e. build is platform dependent!
2021-04-18 19:26:13,362 176302177 [r-504: Building] WARN  nternal.embedder.EclipseLogger  - Using platform encoding (GBK actually) to copy filtered resources, i.e. build is platform dependent!
2021-04-18 19:26:13,363 176302178 [r-504: Building] WARN  nternal.embedder.EclipseLogger  - Using platform encoding (GBK actually) to copy filtered resources, i.e. build is platform dependent!
2021-04-18 19:26:13,617 176302432 [r-503: Building] WARN  nternal.embedder.EclipseLogger  - Using platform encoding (GBK actually) to copy filtered resources, i.e. build is platform dependent!
2021-04-18 19:26:13,618 176302433 [r-503: Building] WARN  nternal.embedder.EclipseLogger  - Using platform encoding (GBK actually) to copy filtered resources, i.e. build is platform dependent!
2021-04-18 19:26:14,023 176302838 [r-503: Building] WARN  nternal.embedder.EclipseLogger  - Using platform encoding (GBK actually) to copy filtered resources, i.e. build is platform dependent!
2021-04-18 19:26:14,023 176302838 [r-503: Building] WARN  nternal.embedder.EclipseLogger  - Using platform encoding (GBK actually) to copy filtered resources, i.e. build is platform dependent!
2021-04-18 19:26:14,134 176302949 [r-503: Building] WARN  nternal.embedder.EclipseLogger  - Using platform encoding (GBK actually) to copy filtered resources, i.e. build is platform dependent!
2021-04-18 19:26:14,148 176302963 [r-503: Building] WARN  nternal.embedder.EclipseLogger  - Using platform encoding (GBK actually) to copy filtered resources, i.e. build is platform dependent!
2021-04-18 19:26:15,720 176304535 [r-504: Building] WARN  nternal.embedder.EclipseLogger  - Using platform encoding (GBK actually) to copy filtered resources, i.e. build is platform dependent!
2021-04-18 19:26:15,720 176304535 [r-504: Building] WARN  nternal.embedder.EclipseLogger  - Using platform encoding (GBK actually) to copy filtered resources, i.e. build is platform dependent!
2021-04-18 19:26:16,305 176305120 [r-504: Building] WARN  nternal.embedder.EclipseLogger  - Using platform encoding (GBK actually) to copy filtered resources, i.e. build is platform dependent!
2021-04-18 19:26:16,306 176305121 [r-504: Building] WARN  nternal.embedder.EclipseLogger  - Using platform encoding (GBK actually) to copy filtered resources, i.e. build is platform dependent!
2021-04-18 19:26:16,817 176305632 [r-507: Building] WARN  nternal.embedder.EclipseLogger  - Using platform encoding (GBK actually) to copy filtered resources, i.e. build is platform dependent!
2021-04-18 19:26:16,818 176305633 [r-507: Building] WARN  nternal.embedder.EclipseLogger  - Using platform encoding (GBK actually) to copy filtered resources, i.e. build is platform dependent!
2021-04-18 19:26:17,937 176306752 [r-503: Building] WARN  nternal.embedder.EclipseLogger  - Using platform encoding (GBK actually) to copy filtered resources, i.e. build is platform dependent!
2021-04-18 19:26:17,943 176306758 [r-503: Building] WARN  nternal.embedder.EclipseLogger  - Using platform encoding (GBK actually) to copy filtered resources, i.e. build is platform dependent!
2021-04-18 19:26:19,073 176307888 [r-501: Building] WARN  nternal.embedder.EclipseLogger  - Using platform encoding (GBK actually) to copy filtered resources, i.e. build is platform dependent!
2021-04-18 19:26:19,075 176307890 [r-501: Building] WARN  nternal.embedder.EclipseLogger  - Using platform encoding (GBK actually) to copy filtered resources, i.e. build is platform dependent!
2021-04-18 19:26:19,348 176308163 [r-501: Building] WARN  nternal.embedder.EclipseLogger  - Using platform encoding (GBK actually) to copy filtered resources, i.e. build is platform dependent!
2021-04-18 19:26:19,348 176308163 [r-501: Building] WARN  nternal.embedder.EclipseLogger  - Using platform encoding (GBK actually) to copy filtered resources, i.e. build is platform dependent!
2021-04-18 19:26:20,544 176309359 [r-508: Building] WARN  nternal.embedder.EclipseLogger  - Using platform encoding (GBK actually) to copy filtered resources, i.e. build is platform dependent!
2021-04-18 19:26:20,711 176309526 [r-508: Building] WARN  nternal.embedder.EclipseLogger  - Using platform encoding (GBK actually) to copy filtered resources, i.e. build is platform dependent!
2021-04-18 19:31:38,239 176627054 [r-513: Building] WARN  nternal.embedder.EclipseLogger  - Using platform encoding (GBK actually) to copy filtered resources, i.e. build is platform dependent!
2021-04-18 19:31:38,241 176627056 [r-513: Building] WARN  nternal.embedder.EclipseLogger  - Using platform encoding (GBK actually) to copy filtered resources, i.e. build is platform dependent!
2021-04-18 19:31:38,400 176627215 [r-506: Building] WARN  nternal.embedder.EclipseLogger  - Using platform encoding (GBK actually) to copy filtered resources, i.e. build is platform dependent!
2021-04-18 19:31:38,401 176627216 [r-506: Building] WARN  nternal.embedder.EclipseLogger  - Using platform encoding (GBK actually) to copy filtered resources, i.e. build is platform dependent!
2021-04-18 19:31:38,850 176627665 [r-506: Building] WARN  nternal.embedder.EclipseLogger  - Using platform encoding (GBK actually) to copy filtered resources, i.e. build is platform dependent!
2021-04-18 19:31:38,851 176627666 [r-506: Building] WARN  nternal.embedder.EclipseLogger  - Using platform encoding (GBK actually) to copy filtered resources, i.e. build is platform dependent!
2021-04-18 19:31:38,946 176627761 [r-506: Building] WARN  nternal.embedder.EclipseLogger  - Using platform encoding (GBK actually) to copy filtered resources, i.e. build is platform dependent!
2021-04-18 19:31:38,960 176627775 [r-506: Building] WARN  nternal.embedder.EclipseLogger  - Using platform encoding (GBK actually) to copy filtered resources, i.e. build is platform dependent!
2021-04-18 19:31:39,615 176628430 [r-506: Building] WARN  nternal.embedder.EclipseLogger  - Using platform encoding (GBK actually) to copy filtered resources, i.e. build is platform dependent!
2021-04-18 19:31:39,617 176628432 [r-506: Building] WARN  nternal.embedder.EclipseLogger  - Using platform encoding (GBK actually) to copy filtered resources, i.e. build is platform dependent!
2021-04-18 19:31:40,720 176629535 [r-514: Building] WARN  nternal.embedder.EclipseLogger  - Using platform encoding (GBK actually) to copy filtered resources, i.e. build is platform dependent!
2021-04-18 19:31:40,720 176629535 [r-514: Building] WARN  nternal.embedder.EclipseLogger  - Using platform encoding (GBK actually) to copy filtered resources, i.e. build is platform dependent!
2021-04-18 19:31:41,044 176629859 [r-514: Building] WARN  nternal.embedder.EclipseLogger  - Using platform encoding (GBK actually) to copy filtered resources, i.e. build is platform dependent!
2021-04-18 19:31:41,045 176629860 [r-514: Building] WARN  nternal.embedder.EclipseLogger  - Using platform encoding (GBK actually) to copy filtered resources, i.e. build is platform dependent!
2021-04-18 19:31:42,371 176631186 [r-515: Building] WARN  nternal.embedder.EclipseLogger  - Using platform encoding (GBK actually) to copy filtered resources, i.e. build is platform dependent!
2021-04-18 19:31:42,376 176631191 [r-515: Building] WARN  nternal.embedder.EclipseLogger  - Using platform encoding (GBK actually) to copy filtered resources, i.e. build is platform dependent!
2021-04-18 19:31:43,598 176632413 [r-515: Building] WARN  nternal.embedder.EclipseLogger  - Using platform encoding (GBK actually) to copy filtered resources, i.e. build is platform dependent!
2021-04-18 19:31:43,600 176632415 [r-515: Building] WARN  nternal.embedder.EclipseLogger  - Using platform encoding (GBK actually) to copy filtered resources, i.e. build is platform dependent!
2021-04-18 19:31:44,040 176632855 [r-516: Building] WARN  nternal.embedder.EclipseLogger  - Using platform encoding (GBK actually) to copy filtered resources, i.e. build is platform dependent!
2021-04-18 19:31:44,041 176632856 [r-516: Building] WARN  nternal.embedder.EclipseLogger  - Using platform encoding (GBK actually) to copy filtered resources, i.e. build is platform dependent!
2021-04-18 19:31:45,231 176634046 [r-514: Building] WARN  nternal.embedder.EclipseLogger  - Using platform encoding (GBK actually) to copy filtered resources, i.e. build is platform dependent!
2021-04-18 19:31:45,411 176634226 [r-514: Building] WARN  nternal.embedder.EclipseLogger  - Using platform encoding (GBK actually) to copy filtered resources, i.e. build is platform dependent!
2021-04-18 19:32:03,105 176651920 [r-511: Building] WARN  nternal.embedder.EclipseLogger  - Using platform encoding (GBK actually) to copy filtered resources, i.e. build is platform dependent!
2021-04-18 19:32:03,105 176651920 [r-511: Building] WARN  nternal.embedder.EclipseLogger  - Using platform encoding (GBK actually) to copy filtered resources, i.e. build is platform dependent!
2021-04-18 19:32:52,820 176701635 [r-512: Building] WARN  nternal.embedder.EclipseLogger  - Using platform encoding (GBK actually) to copy filtered resources, i.e. build is platform dependent!
2021-04-18 19:32:52,821 176701636 [r-512: Building] WARN  nternal.embedder.EclipseLogger  - Using platform encoding (GBK actually) to copy filtered resources, i.e. build is platform dependent!
2021-04-18 19:32:53,040 176701855 [r-516: Building] WARN  nternal.embedder.EclipseLogger  - Using platform encoding (GBK actually) to copy filtered resources, i.e. build is platform dependent!
2021-04-18 19:32:53,041 176701856 [r-516: Building] WARN  nternal.embedder.EclipseLogger  - Using platform encoding (GBK actually) to copy filtered resources, i.e. build is platform dependent!
2021-04-18 19:32:53,612 176702427 [r-518: Building] WARN  nternal.embedder.EclipseLogger  - Using platform encoding (GBK actually) to copy filtered resources, i.e. build is platform dependent!
2021-04-18 19:32:53,612 176702427 [r-518: Building] WARN  nternal.embedder.EclipseLogger  - Using platform encoding (GBK actually) to copy filtered resources, i.e. build is platform dependent!
2021-04-18 19:32:53,717 176702532 [r-518: Building] WARN  nternal.embedder.EclipseLogger  - Using platform encoding (GBK actually) to copy filtered resources, i.e. build is platform dependent!
2021-04-18 19:32:53,752 176702567 [r-518: Building] WARN  nternal.embedder.EclipseLogger  - Using platform encoding (GBK actually) to copy filtered resources, i.e. build is platform dependent!
2021-04-18 19:32:55,172 176703987 [r-514: Building] WARN  nternal.embedder.EclipseLogger  - Using platform encoding (GBK actually) to copy filtered resources, i.e. build is platform dependent!
2021-04-18 19:32:55,172 176703987 [r-514: Building] WARN  nternal.embedder.EclipseLogger  - Using platform encoding (GBK actually) to copy filtered resources, i.e. build is platform dependent!
2021-04-18 19:32:55,908 176704723 [r-518: Building] WARN  nternal.embedder.EclipseLogger  - Using platform encoding (GBK actually) to copy filtered resources, i.e. build is platform dependent!
2021-04-18 19:32:55,909 176704724 [r-518: Building] WARN  nternal.embedder.EclipseLogger  - Using platform encoding (GBK actually) to copy filtered resources, i.e. build is platform dependent!
2021-04-18 19:32:56,221 176705036 [r-506: Building] WARN  nternal.embedder.EclipseLogger  - Using platform encoding (GBK actually) to copy filtered resources, i.e. build is platform dependent!
2021-04-18 19:32:56,222 176705037 [r-506: Building] WARN  nternal.embedder.EclipseLogger  - Using platform encoding (GBK actually) to copy filtered resources, i.e. build is platform dependent!
2021-04-18 19:32:57,310 176706125 [r-514: Building] WARN  nternal.embedder.EclipseLogger  - Using platform encoding (GBK actually) to copy filtered resources, i.e. build is platform dependent!
2021-04-18 19:32:57,314 176706129 [r-514: Building] WARN  nternal.embedder.EclipseLogger  - Using platform encoding (GBK actually) to copy filtered resources, i.e. build is platform dependent!
2021-04-18 19:32:58,636 176707451 [r-517: Building] WARN  nternal.embedder.EclipseLogger  - Using platform encoding (GBK actually) to copy filtered resources, i.e. build is platform dependent!
2021-04-18 19:32:58,638 176707453 [r-517: Building] WARN  nternal.embedder.EclipseLogger  - Using platform encoding (GBK actually) to copy filtered resources, i.e. build is platform dependent!
2021-04-18 19:32:59,210 176708025 [r-516: Building] WARN  nternal.embedder.EclipseLogger  - Using platform encoding (GBK actually) to copy filtered resources, i.e. build is platform dependent!
2021-04-18 19:32:59,210 176708025 [r-516: Building] WARN  nternal.embedder.EclipseLogger  - Using platform encoding (GBK actually) to copy filtered resources, i.e. build is platform dependent!
2021-04-18 19:33:00,414 176709229 [r-513: Building] WARN  nternal.embedder.EclipseLogger  - Using platform encoding (GBK actually) to copy filtered resources, i.e. build is platform dependent!
2021-04-18 19:33:00,591 176709406 [r-513: Building] WARN  nternal.embedder.EclipseLogger  - Using platform encoding (GBK actually) to copy filtered resources, i.e. build is platform dependent!
2021-04-18 19:43:34,197 177343012 [r-517: Building] WARN  nternal.embedder.EclipseLogger  - Using platform encoding (GBK actually) to copy filtered resources, i.e. build is platform dependent!
2021-04-18 19:43:34,203 177343018 [r-517: Building] WARN  nternal.embedder.EclipseLogger  - Using platform encoding (GBK actually) to copy filtered resources, i.e. build is platform dependent!
